open source     > level 1, order 1, name '/nix/store/zhl79frzj644zlij7j32lmymmz51r4q5-texlive-combined-2022-texmfdist/tex/context/base/mkiv/cont-yes.mkiv'
system          > 
system          > ConTeXt  ver: 2021.03.05 19:11 MKIV  fmt: 2024.3.21  int: english/english
system          > 
system          > 'cont-new.mkiv' loaded
open source     > level 2, order 2, name '/nix/store/zhl79frzj644zlij7j32lmymmz51r4q5-texlive-combined-2022-texmfdist/tex/context/base/mkiv/cont-new.mkiv'
system          > beware: some patches loaded from cont-new.mkiv
close source    > level 2, order 2, name '/nix/store/zhl79frzj644zlij7j32lmymmz51r4q5-texlive-combined-2022-texmfdist/tex/context/base/mkiv/cont-new.mkiv'
system          > files > jobname 'ttttt', input './ttttt', result 'ttttt'
fonts           > latin modern fonts are not preloaded
languages       > language 'en' is active
open source     > level 2, order 3, name '/home/oleksandr/Haskell/git/phladiprelio-ukrainian-simple/ttttt.tex'
languages       > setting righthyphenchar to U+00AD
backend         > export > enabling export to xml
backend         > 
backend         > 
selectfont      > the requested fallback font 'CMU Serif' for typeface 'mainface' style 'rm' was ignored because no files where found.
selectfont      > the requested font 'Latin Modern Typewriter' has no files for the 'tf' alternative, Latin Modern is used instead.
fonts           > defining > font 'lmroman10-regular', feature 'locl', script 'latn', no language 'dflt'

Overfull \hbox (22.28902pt too wide) in paragraph at lines 126--129
<1: lmroman10-regular @ 12.0pt> link: https://www.face­book.com/Olek­sandr.S.Zhabenko/posts/pf­bidVtcxuodZqs­

\hbox(8.99506+2.99835)x426.78743, glue set - 1.0, direction TLT
.<1: lmroman10-regular @ 12.0pt> l
.<1: lmroman10-regular @ 12.0pt> i
.<1: lmroman10-regular @ 12.0pt> n
.<1: lmroman10-regular @ 12.0pt> k
.<1: lmroman10-regular @ 12.0pt> :
.etc.


Overfull \hbox (162.79027pt too wide) in paragraph at lines 133--134
[]<1: lmroman10-regular @ 12.0pt> https://www.face­book.com/Olek­sandr.S.Zhabenko/posts/pf­bidgzqMCRQsmmPrzJLMZNgvWmezQSy­

\hbox(8.99506+2.99835)x426.78743, direction TLT
.\localpar
..\localinterlinepenalty=0
..\localbrokenpenalty=0
..\localleftbox=null
..\localrightbox=null
.\hbox(0.0+0.0)x0.0, direction TLT
.<1: lmroman10-regular @ 12.0pt> h
.\kern-0.33582 (font)
.<1: lmroman10-regular @ 12.0pt> t
.etc.


Overfull \hbox (92.90984pt too wide) in paragraph at lines 135--136
[]<1: lmroman10-regular @ 12.0pt> https://www.face­book.com/Olek­sandr.S.Zhabenko/posts/pf­bidmM­CUuHVoAaVkLJtQZHy­

\hbox(8.99506+2.99835)x426.78743, direction TLT
.\localpar
..\localinterlinepenalty=0
..\localbrokenpenalty=0
..\localleftbox=null
..\localrightbox=null
.\hbox(0.0+0.0)x0.0, direction TLT
.<1: lmroman10-regular @ 12.0pt> h
.\kern-0.33582 (font)
.<1: lmroman10-regular @ 12.0pt> t
.etc.

fonts           > checking > char П (U+0041F) in font 'LMRoman10-Regular' with id 1: missing
fonts           > checking > char і (U+00456) in font 'LMRoman10-Regular' with id 1: missing
fonts           > checking > char д (U+00434) in font 'LMRoman10-Regular' with id 1: missing
fonts           > checking > char х (U+00445) in font 'LMRoman10-Regular' with id 1: missing
fonts           > checking > char ф (U+00444) in font 'LMRoman10-Regular' with id 1: missing
fonts           > checking > char о (U+0043E) in font 'LMRoman10-Regular' with id 1: missing
fonts           > checking > char н (U+0043D) in font 'LMRoman10-Regular' with id 1: missing
fonts           > checking > char е (U+00435) in font 'LMRoman10-Regular' with id 1: missing
fonts           > checking > char т (U+00442) in font 'LMRoman10-Regular' with id 1: missing
fonts           > checking > char и (U+00438) in font 'LMRoman10-Regular' with id 1: missing
fonts           > checking > char ч (U+00447) in font 'LMRoman10-Regular' with id 1: missing
fonts           > checking > char п (U+0043F) in font 'LMRoman10-Regular' with id 1: missing
fonts           > checking > char р (U+00440) in font 'LMRoman10-Regular' with id 1: missing
fonts           > checking > char с (U+00441) in font 'LMRoman10-Regular' with id 1: missing
fonts           > checking > char м (U+0043C) in font 'LMRoman10-Regular' with id 1: missing
fonts           > checking > char в (U+00432) in font 'LMRoman10-Regular' with id 1: missing
fonts           > checking > char к (U+0043A) in font 'LMRoman10-Regular' with id 1: missing
fonts           > checking > char я (U+0044F) in font 'LMRoman10-Regular' with id 1: missing
fonts           > checking > char б (U+00431) in font 'LMRoman10-Regular' with id 1: missing
fonts           > checking > char л (U+0043B) in font 'LMRoman10-Regular' with id 1: missing
fonts           > checking > char ь (U+0044C) in font 'LMRoman10-Regular' with id 1: missing
fonts           > checking > char ш (U+00448) in font 'LMRoman10-Regular' with id 1: missing
fonts           > checking > char а (U+00430) in font 'LMRoman10-Regular' with id 1: missing
fonts           > checking > char ж (U+00436) in font 'LMRoman10-Regular' with id 1: missing
fonts           > checking > char г (U+00433) in font 'LMRoman10-Regular' with id 1: missing
fonts           > checking > char з (U+00437) in font 'LMRoman10-Regular' with id 1: missing
fonts           > checking > char Ч (U+00427) in font 'LMRoman10-Regular' with id 1: missing
fonts           > checking > char у (U+00443) in font 'LMRoman10-Regular' with id 1: missing
fonts           > checking > char Б (U+00411) in font 'LMRoman10-Regular' with id 1: missing
fonts           > checking > char ї (U+00457) in font 'LMRoman10-Regular' with id 1: missing
backend         > xmp > using file '/nix/store/zhl79frzj644zlij7j32lmymmz51r4q5-texlive-combined-2022-texmfdist/tex/context/base/mkiv/lpdf-pdx.xml'
pages           > flushing realpage 1, userpage 1, subpage 1

Overfull \hbox (24.51811pt too wide) in paragraph at lines 143--144
[]<1: lmroman10-regular @ 12.0pt> https://www.face­book.com/Olek­sandr.S.Zhabenko/posts/pf­bidEaCZwnYVjfVFW­

\hbox(8.99506+2.99835)x426.78743, direction TLT
.\localpar
..\localinterlinepenalty=0
..\localbrokenpenalty=0
..\localleftbox=null
..\localrightbox=null
.\hbox(0.0+0.0)x0.0, direction TLT
.<1: lmroman10-regular @ 12.0pt> h
.\kern-0.33582 (font)
.<1: lmroman10-regular @ 12.0pt> t
.etc.


Overfull \hbox (73.01521pt too wide) in paragraph at lines 182--184
[]<1: lmroman10-regular @ 12.0pt> For the list of bash aliases a few of which are used in the videos, see: https://github.com/Oleksandr-

\hbox(8.99506+2.99835)x426.78743, glue set - 1.0, direction TLT
.\localpar
..\localinterlinepenalty=0
..\localbrokenpenalty=0
..\localleftbox=null
..\localrightbox=null
.\hbox(0.0+0.0)x0.0, direction TLT
.<1: lmroman10-regular @ 12.0pt> F
.\kern-0.99545 (font)
.<1: lmroman10-regular @ 12.0pt> o
.etc.


Overfull \hbox (21.29002pt too wide) in paragraph at lines 185--186
[]<1: lmroman10-regular @ 12.0pt> Break­ing changes since ... =============================== 

\hbox(8.32343+2.47064)x426.78743, glue set - 1.0, direction TLT
.\localpar
..\localinterlinepenalty=0
..\localbrokenpenalty=0
..\localleftbox=null
..\localrightbox=null
.\hbox(0.0+0.0)x0.0, direction TLT
.<1: lmroman10-regular @ 12.0pt> B
.<1: lmroman10-regular @ 12.0pt> r
.<1: lmroman10-regular @ 12.0pt> e
.etc.

pages           > flushing realpage 2, userpage 2, subpage 2
pages           > flushing realpage 3, userpage 3, subpage 3
pages           > flushing realpage 4, userpage 4, subpage 4
backend         > export > 
backend         > export > exporting xml, xhtml, html and css files
backend         > export > 
backend         > export > using existing export path 'ttttt-export'
backend         > export > using existing images path 'ttttt-export/images'
backend         > export > using existing styles path 'ttttt-export/styles'
backend         > export > adding css reference 'styles/ttttt-defaults.css'
backend         > export > adding css reference 'styles/ttttt-images.css'
backend         > export > adding css reference 'styles/ttttt-styles.css'
backend         > export > saving xml data in 'ttttt-export/ttttt-raw.xml'
backend         > export > saving css image definitions in 'ttttt-export/styles/ttttt-images.css'
backend         > export > saving css style definitions in 'ttttt-export/styles/ttttt-styles.css'
backend         > export > saving css template in 'ttttt-export/styles/ttttt-templates.css'
backend         > export > saving xhtml variant in 'ttttt-export/ttttt-tag.xhtml'
backend         > export > saving specification in 'ttttt-export/ttttt-pub.lua'
backend         > export > saving div based alternative in 'ttttt-export/ttttt-div.html'
backend         > export > 
backend         > export > create epub with: mtxrun --script epub --make "ttttt" [--purge --rename --svgmath]
backend         > export > 
close source    > level 2, order 3, name '/home/oleksandr/Haskell/git/phladiprelio-ukrainian-simple/ttttt.tex'
close source    > level 1, order 3, name '/nix/store/zhl79frzj644zlij7j32lmymmz51r4q5-texlive-combined-2022-texmfdist/tex/context/base/mkiv/cont-yes.mkiv'

system          > start used files

system          > text: ttttt

system          > stop used files


system          > start used files

system          >    1: filename=char-prv.lua filetype=tex format=tex foundname=/nix/store/zhl79frzj644zlij7j32lmymmz51r4q5-texlive-combined-2022-texmfdist/tex/context/base/mkiv/char-prv.lua fullname=/nix/store/zhl79frzj644zlij7j32lmymmz51r4q5-texlive-combined-2022-texmfdist/tex/context/base/mkiv/char-prv.lua usedmethod=database
system          >    2: filename=cont-yes.mkiv filetype=tex foundname=/nix/store/zhl79frzj644zlij7j32lmymmz51r4q5-texlive-combined-2022-texmfdist/tex/context/base/mkiv/cont-yes.mkiv fullname=/nix/store/zhl79frzj644zlij7j32lmymmz51r4q5-texlive-combined-2022-texmfdist/tex/context/base/mkiv/cont-yes.mkiv usedmethod=database
system          >    3: filename=publ-imp-default.lua filetype=lua foundname=/nix/store/zhl79frzj644zlij7j32lmymmz51r4q5-texlive-combined-2022-texmfdist/tex/context/base/mkiv/publ-imp-default.lua fullname=/nix/store/zhl79frzj644zlij7j32lmymmz51r4q5-texlive-combined-2022-texmfdist/tex/context/base/mkiv/publ-imp-default.lua usedmethod=database
system          >    4: filename=cont-new.mkiv filetype=tex foundname=/nix/store/zhl79frzj644zlij7j32lmymmz51r4q5-texlive-combined-2022-texmfdist/tex/context/base/mkiv/cont-new.mkiv fullname=/nix/store/zhl79frzj644zlij7j32lmymmz51r4q5-texlive-combined-2022-texmfdist/tex/context/base/mkiv/cont-new.mkiv usedmethod=database
system          >    5: filename=lang-exc.lua filetype=lua foundname=/nix/store/zhl79frzj644zlij7j32lmymmz51r4q5-texlive-combined-2022-texmfdist/tex/context/base/mkiv/lang-exc.lua fullname=/nix/store/zhl79frzj644zlij7j32lmymmz51r4q5-texlive-combined-2022-texmfdist/tex/context/base/mkiv/lang-exc.lua usedmethod=database
system          >    6: filename=lang-us.lua filetype=lua foundname=/nix/store/zhl79frzj644zlij7j32lmymmz51r4q5-texlive-combined-2022-texmfdist/tex/context/patterns/mkiv/lang-us.lua fullname=/nix/store/zhl79frzj644zlij7j32lmymmz51r4q5-texlive-combined-2022-texmfdist/tex/context/patterns/mkiv/lang-us.lua usedmethod=database
system          >    7: filename=/home/oleksandr/Haskell/git/phladiprelio-ukrainian-simple/ttttt.tex foundname=/home/oleksandr/Haskell/git/phladiprelio-ukrainian-simple/ttttt.tex fullname=/home/oleksandr/Haskell/git/phladiprelio-ukrainian-simple/ttttt.tex usedmethod=direct
system          >    8: filename=lm.lfg filetype=tex foundname=/nix/store/zhl79frzj644zlij7j32lmymmz51r4q5-texlive-combined-2022-texmfdist/tex/context/fonts/mkiv/lm.lfg fullname=/nix/store/zhl79frzj644zlij7j32lmymmz51r4q5-texlive-combined-2022-texmfdist/tex/context/fonts/mkiv/lm.lfg usedmethod=database
system          >    9: filename=lm-math.lfg filetype=tex foundname=/nix/store/zhl79frzj644zlij7j32lmymmz51r4q5-texlive-combined-2022-texmfdist/tex/context/fonts/mkiv/lm-math.lfg fullname=/nix/store/zhl79frzj644zlij7j32lmymmz51r4q5-texlive-combined-2022-texmfdist/tex/context/fonts/mkiv/lm-math.lfg usedmethod=database
system          >   10: filename=lm-math.map filetype=map format=map foundname=/nix/store/zhl79frzj644zlij7j32lmymmz51r4q5-texlive-combined-2022-texmfdist/fonts/map/dvips/lm/lm-math.map fullname=/nix/store/zhl79frzj644zlij7j32lmymmz51r4q5-texlive-combined-2022-texmfdist/fonts/map/dvips/lm/lm-math.map usedmethod=database
system          >   11: filename=lm-rm.map filetype=map format=map foundname=/nix/store/zhl79frzj644zlij7j32lmymmz51r4q5-texlive-combined-2022-texmfdist/fonts/map/dvips/lm/lm-rm.map fullname=/nix/store/zhl79frzj644zlij7j32lmymmz51r4q5-texlive-combined-2022-texmfdist/fonts/map/dvips/lm/lm-rm.map usedmethod=database
system          >   12: filename=mkiv-base.map filetype=map format=map foundname=/nix/store/zhl79frzj644zlij7j32lmymmz51r4q5-texlive-combined-2022-texmfdist/fonts/map/pdftex/context/mkiv-base.map fullname=/nix/store/zhl79frzj644zlij7j32lmymmz51r4q5-texlive-combined-2022-texmfdist/fonts/map/pdftex/context/mkiv-base.map usedmethod=database
system          >   13: filename=lmroman10-regular.otf filetype=otf format=otf foundname=/nix/store/zhl79frzj644zlij7j32lmymmz51r4q5-texlive-combined-2022-texmfdist/fonts/opentype/public/lm/lmroman10-regular.otf fullname=/nix/store/zhl79frzj644zlij7j32lmymmz51r4q5-texlive-combined-2022-texmfdist/fonts/opentype/public/lm/lmroman10-regular.otf usedmethod=database
system          >   14: filename=latinmodern-math.otf filetype=otf format=otf foundname=/nix/store/zhl79frzj644zlij7j32lmymmz51r4q5-texlive-combined-2022-texmfdist/fonts/opentype/public/lm-math/latinmodern-math.otf fullname=/nix/store/zhl79frzj644zlij7j32lmymmz51r4q5-texlive-combined-2022-texmfdist/fonts/opentype/public/lm-math/latinmodern-math.otf usedmethod=database
system          >   15: filename=lpdf-pdx.xml filetype=tex foundname=/nix/store/zhl79frzj644zlij7j32lmymmz51r4q5-texlive-combined-2022-texmfdist/tex/context/base/mkiv/lpdf-pdx.xml fullname=/nix/store/zhl79frzj644zlij7j32lmymmz51r4q5-texlive-combined-2022-texmfdist/tex/context/base/mkiv/lpdf-pdx.xml usedmethod=database
system          >   16: filename=export-example.css filetype=tex foundname=/nix/store/zhl79frzj644zlij7j32lmymmz51r4q5-texlive-combined-2022-texmfdist/tex/context/base/mkiv/export-example.css fullname=/nix/store/zhl79frzj644zlij7j32lmymmz51r4q5-texlive-combined-2022-texmfdist/tex/context/base/mkiv/export-example.css usedmethod=database

system          > stop used files


system          > start commandline options

system          > currentrun="2"
system          > fulljobname="./ttttt.tex"
system          > input="./ttttt.tex"
system          > kindofrun="2"
system          > maxnofruns="9"
system          > texmfbinpath="/nix/store/8vp1drsb80ppg92kbqb17f85rv8hzgg5-texlive-core-big.bin-2022-luatex/bin"

system          > stop commandline options


system          > start commandline files

system          >    1: ./ttttt.tex

system          > stop commandline files


modules         > start used modules


modules         > stop used modules


fonts           > start missing characters: /nix/store/zhl79frzj644zlij7j32lmymmz51r4q5-texlive-combined-2022-texmfdist/fonts/opentype/public/lm/lmroman10-regular.otf

fonts           >    1  U+00411  Б  CYRILLIC CAPITAL LETTER BE
fonts           >    1  U+0041F  П  CYRILLIC CAPITAL LETTER PE
fonts           >    1  U+00427  Ч  CYRILLIC CAPITAL LETTER CHE
fonts           >   21  U+00430  а  CYRILLIC SMALL LETTER A
fonts           >    5  U+00431  б  CYRILLIC SMALL LETTER BE
fonts           >   14  U+00432  в  CYRILLIC SMALL LETTER VE
fonts           >    4  U+00433  г  CYRILLIC SMALL LETTER GHE
fonts           >   11  U+00434  д  CYRILLIC SMALL LETTER DE
fonts           >    9  U+00435  е  CYRILLIC SMALL LETTER IE
fonts           >    2  U+00436  ж  CYRILLIC SMALL LETTER ZHE
fonts           >    4  U+00437  з  CYRILLIC SMALL LETTER ZE
fonts           >   17  U+00438  и  CYRILLIC SMALL LETTER I
fonts           >   14  U+0043A  к  CYRILLIC SMALL LETTER KA
fonts           >    4  U+0043B  л  CYRILLIC SMALL LETTER EL
fonts           >    5  U+0043C  м  CYRILLIC SMALL LETTER EM
fonts           >   19  U+0043D  н  CYRILLIC SMALL LETTER EN
fonts           >   25  U+0043E  о  CYRILLIC SMALL LETTER O
fonts           >    3  U+0043F  п  CYRILLIC SMALL LETTER PE
fonts           >   13  U+00440  р  CYRILLIC SMALL LETTER ER
fonts           >   11  U+00441  с  CYRILLIC SMALL LETTER ES
fonts           >   17  U+00442  т  CYRILLIC SMALL LETTER TE
fonts           >    2  U+00443  у  CYRILLIC SMALL LETTER U
fonts           >    1  U+00444  ф  CYRILLIC SMALL LETTER EF
fonts           >    5  U+00445  х  CYRILLIC SMALL LETTER HA
fonts           >    3  U+00447  ч  CYRILLIC SMALL LETTER CHE
fonts           >    3  U+00448  ш  CYRILLIC SMALL LETTER SHA
fonts           >    3  U+0044C  ь  CYRILLIC SMALL LETTER SOFT SIGN
fonts           >    9  U+0044F  я  CYRILLIC SMALL LETTER YA
fonts           >   17  U+00456  і  CYRILLIC SMALL LETTER BYELORUSSIAN-UKRAINIAN I
fonts           >    1  U+00457  ї  CYRILLIC SMALL LETTER YI

fonts           > stop missing characters


mkiv lua stats  > used config file: /nix/store/ax6inqarm7g4k7k8bpy7vbd9msh34qnb-texlive-combined-2022/share/texmf-var/web2c/texmfcnf.lua
mkiv lua stats  > used cache path: readable+writable: '/home/oleksandr/.texlive2022/texmf-var/luatex-cache/context/61ab4dbbc23b6b27ba5884a49cc02a9f'
mkiv lua stats  > resource resolver: loadtime 0.030 seconds, 0 scans with scantime 0.000 seconds, 0 shared scans, 16 found files, scanned paths: <none>
mkiv lua stats  > stored bytecode data: 454 modules (0.420 sec), 96 tables (0.023 sec), 550 chunks (0.443 sec)
mkiv lua stats  > traced context: maxstack: 1421, freed: 1, unreachable: 1420
mkiv lua stats  > cleaned up reserved nodes: 58 nodes, 9 lists of 442
mkiv lua stats  > node memory usage: 15 attribute, 4 attribute_list, 1 glue, 51 glue_spec, 3 kern, 2 penalty, 2 temp, 2 user_defined
mkiv lua stats  > node list callback tasks: 8 unique task lists, 7 instances (re)created, 558 calls
mkiv lua stats  > h-node processing time: 0.028 seconds including kernel
mkiv lua stats  > inserted spaces in output: 1049
mkiv lua stats  > driver time: 0.013 seconds 
mkiv lua stats  > used backend: pdf (backend for directly generating pdf output)
mkiv lua stats  > jobdata time: 0.001 seconds saving, 0.001 seconds loading
mkiv lua stats  > callbacks: internal: 1257, file: 340, direct: 2, late: 18, function 861, total: 2478 (620 per page)
mkiv lua stats  > randomizer: resumed with value 0.048159402329475
mkiv lua stats  > result saved in file: ttttt.pdf, compresslevel 3, objectcompresslevel 1
mkiv lua stats  > loaded patterns: en::1, load time: 0.000
mkiv lua stats  > structure elements: 36 element chains identified
mkiv lua stats  > interactive elements: 18 references, 0 destinations
mkiv lua stats  > loaded fonts: 2 files: latinmodern-math.otf, lmroman10-regular.otf
mkiv lua stats  > font engine: otf 3.113, afm 1.513, tfm 1.000, 4 instances, load time 0.137 seconds 
mkiv lua stats  > pdf annotations: 18 links (18 unique), 0 special
mkiv lua stats  > used platform: linux-64, type: unix, binary subtree: 8vp1drsb80ppg92kbqb17f85rv8hzgg5-texlive-core-big.bin-2022-luatex
mkiv lua stats  > used engine: luatex version: 1.15, functionality level: 7509, banner: this is luatex, version 1.15.0 (tex live 2022/nixos.org)
mkiv lua stats  > used hash slots: 46818 of 65536 + 200000
mkiv lua stats  > lua properties: engine: lua 5.3, used memory: 75 MB, ctx: 74 MB, max: unknown MB, hash chars: min(64,40), symbol mask: utf (τεχ)
mkiv lua stats  > runtime: 0.842 seconds, 4 processed pages, 4 shipped pages, 4.751 pages/second

